<?xml version="1.0" encoding="UTF-8"?>
<!-- Generated by org.testng.reporters.JUnitXMLReporter -->
<testsuite ignored="0" hostname="LAPTOP-8E92TQBA" failures="0" tests="5" name="Surefire test" time="114.06" errors="0" timestamp="2024-10-05T18:53:03 IST">
  <testcase classname="rahulshettyacademy.tests.ErrorValidationsTest" name="LoginErrorValidation" time="1.49"/>
  <testcase classname="rahulshettyacademy.tests.ErrorValidationsTest" name="ProductErrorValidation" time="9.284"/>
  <testcase classname="rahulshettyacademy.tests.SubmitOrderTest" name="SubmitOrder" time="10.185"/>
  <testcase classname="rahulshettyacademy.tests.SubmitOrderTest" name="SubmitOrder" time="12.886"/>
  <testcase classname="rahulshettyacademy.tests.SubmitOrderTest" name="OrderHistory" time="1.159"/>
</testsuite> <!-- Surefire test -->
