<?xml version="1.0" encoding="UTF-8"?>
<!-- Generated by org.testng.reporters.JUnitXMLReporter -->
<testsuite ignored="0" hostname="LAPTOP-8E92TQBA" failures="0" tests="2" name="Error Validations Test" time="36.148" errors="0" timestamp="2024-10-06T11:01:55 IST">
  <testcase classname="rahulshettyacademy.tests.ErrorValidationsTest" name="LoginErrorValidation" time="3.084"/>
  <testcase classname="rahulshettyacademy.tests.ErrorValidationsTest" name="ProductErrorValidation" time="7.883"/>
</testsuite> <!-- Error Validations Test -->
