<?xml version="1.0" encoding="UTF-8"?>
<!-- Generated by org.testng.reporters.JUnitXMLReporter -->
<testsuite ignored="0" hostname="LAPTOP-8E92TQBA" failures="0" tests="3" name="Submit Order Test" time="62.777" errors="0" timestamp="2024-10-06T11:02:20 IST">
  <testcase classname="rahulshettyacademy.tests.SubmitOrderTest" name="SubmitOrder" time="17.585"/>
  <testcase classname="rahulshettyacademy.tests.SubmitOrderTest" name="SubmitOrder" time="13.731"/>
  <testcase classname="rahulshettyacademy.tests.SubmitOrderTest" name="OrderHistory" time="1.745"/>
</testsuite> <!-- Submit Order Test -->
