<?xml version="1.0" encoding="UTF-8"?>
<testng-results ignored="0" total="5" passed="5" failed="0" skipped="0">
  <reporter-output>
  </reporter-output>
  <suite started-at="2024-10-06T11:01:17 IST" name="Suite" finished-at="2024-10-06T11:02:20 IST" duration-ms="62777">
    <groups>
      <group name="Sanity">
        <method signature="ErrorValidationsTest.LoginErrorValidation()[pri:0, instance:rahulshettyacademy.tests.ErrorValidationsTest@3e0e1046]" name="LoginErrorValidation" class="rahulshettyacademy.tests.ErrorValidationsTest"/>
      </group> <!-- Sanity -->
    </groups>
    <test started-at="2024-10-06T11:01:17 IST" name="Error Validations Test" finished-at="2024-10-06T11:01:53 IST" duration-ms="36148">
      <class name="rahulshettyacademy.tests.ErrorValidationsTest">
        <test-method is-config="true" signature="launchApplication()[pri:0, instance:rahulshettyacademy.tests.ErrorValidationsTest@3e0e1046]" started-at="2024-10-06T11:01:17 IST" name="launchApplication" finished-at="2024-10-06T11:01:35 IST" duration-ms="17810" status="PASS">
          <reporter-output>
          </reporter-output>
        </test-method> <!-- launchApplication -->
        <test-method signature="LoginErrorValidation()[pri:0, instance:rahulshettyacademy.tests.ErrorValidationsTest@3e0e1046]" started-at="2024-10-06T11:01:35 IST" name="LoginErrorValidation" finished-at="2024-10-06T11:01:38 IST" duration-ms="3084" status="PASS">
          <reporter-output>
          </reporter-output>
        </test-method> <!-- LoginErrorValidation -->
        <test-method is-config="true" signature="closeBrowser()[pri:0, instance:rahulshettyacademy.tests.ErrorValidationsTest@3e0e1046]" started-at="2024-10-06T11:01:38 IST" name="closeBrowser" finished-at="2024-10-06T11:01:39 IST" duration-ms="868" status="PASS">
          <reporter-output>
          </reporter-output>
        </test-method> <!-- closeBrowser -->
        <test-method is-config="true" signature="launchApplication()[pri:0, instance:rahulshettyacademy.tests.ErrorValidationsTest@3e0e1046]" started-at="2024-10-06T11:01:39 IST" name="launchApplication" finished-at="2024-10-06T11:01:44 IST" duration-ms="4722" status="PASS">
          <reporter-output>
          </reporter-output>
        </test-method> <!-- launchApplication -->
        <test-method signature="ProductErrorValidation()[pri:0, instance:rahulshettyacademy.tests.ErrorValidationsTest@3e0e1046]" started-at="2024-10-06T11:01:44 IST" name="ProductErrorValidation" finished-at="2024-10-06T11:01:51 IST" duration-ms="7883" status="PASS">
          <reporter-output>
          </reporter-output>
        </test-method> <!-- ProductErrorValidation -->
        <test-method is-config="true" signature="closeBrowser()[pri:0, instance:rahulshettyacademy.tests.ErrorValidationsTest@3e0e1046]" started-at="2024-10-06T11:01:51 IST" name="closeBrowser" finished-at="2024-10-06T11:01:53 IST" duration-ms="1612" status="PASS">
          <reporter-output>
          </reporter-output>
        </test-method> <!-- closeBrowser -->
      </class> <!-- rahulshettyacademy.tests.ErrorValidationsTest -->
    </test> <!-- Error Validations Test -->
    <test started-at="2024-10-06T11:01:17 IST" name="Submit Order Test" finished-at="2024-10-06T11:02:20 IST" duration-ms="62777">
      <class name="rahulshettyacademy.tests.SubmitOrderTest">
        <test-method is-config="true" signature="launchApplication()[pri:0, instance:rahulshettyacademy.tests.SubmitOrderTest@4d1bf319]" started-at="2024-10-06T11:01:18 IST" name="launchApplication" finished-at="2024-10-06T11:01:35 IST" duration-ms="16995" status="PASS">
          <reporter-output>
          </reporter-output>
        </test-method> <!-- launchApplication -->
        <test-method signature="SubmitOrder(java.util.HashMap)[pri:0, instance:rahulshettyacademy.tests.SubmitOrderTest@4d1bf319]" started-at="2024-10-06T11:01:35 IST" name="SubmitOrder" data-provider="getDate" finished-at="2024-10-06T11:01:53 IST" duration-ms="17585" status="PASS">
          <params>
            <param index="0">
              <value>
                <![CDATA[{password=Password@1, email=gaurav.jangde1@gmail.com, productName=ZARA COAT 3}]]>
              </value>
            </param>
          </params>
          <reporter-output>
          </reporter-output>
        </test-method> <!-- SubmitOrder -->
        <test-method is-config="true" signature="closeBrowser()[pri:0, instance:rahulshettyacademy.tests.SubmitOrderTest@4d1bf319]" started-at="2024-10-06T11:01:53 IST" name="closeBrowser" finished-at="2024-10-06T11:01:54 IST" duration-ms="1519" status="PASS">
          <reporter-output>
          </reporter-output>
        </test-method> <!-- closeBrowser -->
        <test-method is-config="true" signature="launchApplication()[pri:0, instance:rahulshettyacademy.tests.SubmitOrderTest@4d1bf319]" started-at="2024-10-06T11:01:54 IST" name="launchApplication" finished-at="2024-10-06T11:01:58 IST" duration-ms="4080" status="PASS">
          <reporter-output>
          </reporter-output>
        </test-method> <!-- launchApplication -->
        <test-method signature="SubmitOrder(java.util.HashMap)[pri:0, instance:rahulshettyacademy.tests.SubmitOrderTest@4d1bf319]" started-at="2024-10-06T11:01:58 IST" name="SubmitOrder" data-provider="getDate" finished-at="2024-10-06T11:02:12 IST" duration-ms="13731" status="PASS">
          <params>
            <param index="0">
              <value>
                <![CDATA[{password=Password@1, email=testingqa123@test.com, productName=ZARA COAT 3}]]>
              </value>
            </param>
          </params>
          <reporter-output>
          </reporter-output>
        </test-method> <!-- SubmitOrder -->
        <test-method is-config="true" signature="closeBrowser()[pri:0, instance:rahulshettyacademy.tests.SubmitOrderTest@4d1bf319]" started-at="2024-10-06T11:02:12 IST" name="closeBrowser" finished-at="2024-10-06T11:02:12 IST" duration-ms="512" status="PASS">
          <reporter-output>
          </reporter-output>
        </test-method> <!-- closeBrowser -->
        <test-method is-config="true" signature="launchApplication()[pri:0, instance:rahulshettyacademy.tests.SubmitOrderTest@4d1bf319]" started-at="2024-10-06T11:02:12 IST" name="launchApplication" finished-at="2024-10-06T11:02:17 IST" duration-ms="5027" status="PASS">
          <reporter-output>
          </reporter-output>
        </test-method> <!-- launchApplication -->
        <test-method signature="OrderHistory()[pri:0, instance:rahulshettyacademy.tests.SubmitOrderTest@4d1bf319]" started-at="2024-10-06T11:02:17 IST" name="OrderHistory" finished-at="2024-10-06T11:02:19 IST" depends-on-methods="rahulshettyacademy.tests.SubmitOrderTest.SubmitOrder" duration-ms="1745" status="PASS">
          <reporter-output>
          </reporter-output>
        </test-method> <!-- OrderHistory -->
        <test-method is-config="true" signature="closeBrowser()[pri:0, instance:rahulshettyacademy.tests.SubmitOrderTest@4d1bf319]" started-at="2024-10-06T11:02:19 IST" name="closeBrowser" finished-at="2024-10-06T11:02:20 IST" duration-ms="512" status="PASS">
          <reporter-output>
          </reporter-output>
        </test-method> <!-- closeBrowser -->
      </class> <!-- rahulshettyacademy.tests.SubmitOrderTest -->
    </test> <!-- Submit Order Test -->
  </suite> <!-- Suite -->
</testng-results>
